P2/RL - Reengineered OPS5c - LEAPS-based OPS5 Compiler
(C) 1994 Don Batory University of Texas at Austin

Top Level> 
Top Level> 
Top Level>  tuples in join 0
 tuples in join 1
 tuples in join 2
 tuples in join 3
 tuples in join 4
 tuples in join 5
 tuples in join 6
 tuples in join 7
 tuples in join 8
 tuples in join 9
 tuples in join 10
 tuples in join 11
 tuples in join 12
 tuples in join 13
 tuples in join 14
 tuples in join 15
 tuples in join 16
 tuples in join 17
 tuples in join 18
 tuples in join 19
 tuples in join 20
 tuples in join 21
 tuples in join 22
 tuples in join 23
 tuples in join 24
 tuples in join 25
 tuples in join 26
 tuples in join 27
 tuples in join 28
 tuples in join 29
 tuples in join 30
 tuples in join 31
 tuples in join 32
 tuples in join 33
 tuples in join 34
 tuples in join 35
 tuples in join 36
 tuples in join 37
 tuples in join 38
 tuples in join 39
 tuples in join 40
 tuples in join 41
 tuples in join 42
 tuples in join 43
 tuples in join 44
 tuples in join 45
 tuples in join 46
 tuples in join 47
 tuples in join 48
 tuples in join 49
 tuples in join 50
 tuples in join 51
 tuples in join 52
 tuples in join 53
 tuples in join 54
 tuples in join 55
 tuples in join 56
 tuples in join 57
 tuples in join 58
 tuples in join 59
 tuples in join 60
 tuples in join 61
 tuples in join 62
 tuples in join 63
 tuples in join 64
 tuples in join 65
 tuples in join 66
 tuples in join 67
 tuples in join 68
 tuples in join 69
 tuples in join 70
 tuples in join 71
 tuples in join 72
 tuples in join 73
 tuples in join 74
 tuples in join 75
 tuples in join 76
 tuples in join 77
 tuples in join 78
 tuples in join 79
 tuples in join 80
 tuples in join 81
 tuples in join 82
 tuples in join 83
 tuples in join 84
 tuples in join 85
 tuples in join 86
 tuples in join 87
 tuples in join 88
 tuples in join 89
 tuples in join 90
 tuples in join 91
 tuples in join 92
 tuples in join 93
 tuples in join 94
 tuples in join 95
 tuples in join 96
 tuples in join 97
 tuples in join 98
 tuples in join 99
 tuples in join 100

Top Level> Exiting system.
