-124.733002 48.382999
-122.750000 49.000000
-94.550003 49.766998
-94.483002 49.766998
-69.167000 47.450001
-68.282997 47.367001
-68.182999 47.333000
-68.016998 47.233002
-67.782997 47.067001
-66.983002 44.917000
-66.967003 44.817001
-75.250000 24.117001
-77.633003 23.716999
-77.667000 23.716999
-97.432999 25.833000
-98.217003 26.066999
-118.432999 32.799999
-119.550003 33.233002
-120.449997 34.033001
-123.733002 38.950001
-124.366997 40.266998
-124.400002 40.432999
-124.550003 42.833000
-124.733002 48.150002
