contents of employee container:
       name: name1
  dept_name: dept_name1
        age: 11
      empno: 1
       name: name2
  dept_name: dept_name2
        age: 22
      empno: 2
       name: name3
  dept_name: dept_name3
        age: 33
      empno: 3
       name: name4
  dept_name: dept_name4
        age: 44
      empno: 4

contents of secretary container:
       name: name1
  dept_name: dept_name1
        age: 55
      empno: 5
       name: name2
  dept_name: dept_name2
        age: 66
      empno: 6
       name: name3
  dept_name: dept_name3
        age: 77
      empno: 7
       name: name4
  dept_name: dept_name4
        age: 88
      empno: 8
