
all emp are:
(orderby descending empno)
10070 22 Andrews, Kay Biology 2
10060 61 Andrews, John Biology 7
10050 42 Akerson, Suzanne Biology 5
10040 53 Akerson, Mary Biology 6
10030 23 Akerson, Gwyn Biology 8
10020 21 Alexander, Joe Biology 3
10010 40 Akin, Monica Biology 4
10000 60 Akers, Mark Biology 1
size = 8

ak emp are:
(orderby descending name)
10010 40 Akin, Monica Biology 4
10050 42 Akerson, Suzanne Biology 5
10040 53 Akerson, Mary Biology 6
10030 23 Akerson, Gwyn Biology 8
10000 60 Akers, Mark Biology 1

recent (empno > 10020) emp are:
(orderby descending empno)
10070 22 Andrews, Kay
10060 61 Andrews, John
10050 42 Akerson, Suzanne
10040 53 Akerson, Mary
10030 23 Akerson, Gwyn

old emp are:
(orderby ascending age)
10050 42 Akerson, Suzanne
10040 53 Akerson, Mary
10000 60 Akers, Mark
10060 61 Andrews, John

old emp are:
(orderby ascending age)

remaining emp are:
(orderby descending empno)
10070 22 Andrews, Kay
10030 23 Akerson, Gwyn
10020 21 Alexander, Joe
10010 40 Akin, Monica
size = 4
