contents of All Employees:
       name: Andrews, Kay  dept_name: Biology
        age: 22      empno: 10070
       name: Andrews, John  dept_name: Biology
        age: 61      empno: 10060
       name: Akerson, Suzanne  dept_name: Biology
        age: 42      empno: 10050
       name: Akerson, Mary  dept_name: Biology
        age: 53      empno: 10040
       name: Akerson, Gwyn  dept_name: Biology
        age: 23      empno: 10030
       name: Alexander, Joe  dept_name: Biology
        age: 21      empno: 10020
       name: Akin, Monica  dept_name: Biology
        age: 40      empno: 10010
       name: Akers, Mark  dept_name: Biology
        age: 60      empno: 10000
contents of remaining emp:
       name: Andrews, Kay  dept_name: Biology
        age: 22      empno: 10070
       name: Akerson, Gwyn  dept_name: Biology
        age: 23      empno: 10030
       name: Alexander, Joe  dept_name: Biology
        age: 21      empno: 10020
       name: Akin, Monica  dept_name: Biology
        age: 40      empno: 10010
