insert after abort:

insert after commit:
10000 60 Akers, Mark
10010 40 Akin, Monica
10020 21 Alexander, Joe
10030 23 Akerson, Gwyn
10040 53 Akerson, Mary
10050 42 Akerson, Suzanne
10060 61 Andrews, John
10070 22 Andrews, Kay

update after abort:
10000 60 Akers, Mark
10010 40 Akin, Monica
10020 21 Alexander, Joe
10030 23 Akerson, Gwyn
10040 53 Akerson, Mary
10050 42 Akerson, Suzanne
10060 61 Andrews, John
10070 22 Andrews, Kay

update after commit:
10010 40 Akin, Monica
10020 21 Alexander, Joe
10030 23 Akerson, Gwyn
10070 22 Andrews, Kay
99999 60 Akers, Mark
99999 42 Akerson, Suzanne
99999 53 Akerson, Mary
99999 61 Andrews, John

delete after abort:
10010 40 Akin, Monica
10020 21 Alexander, Joe
10030 23 Akerson, Gwyn
10070 22 Andrews, Kay
99999 60 Akers, Mark
99999 42 Akerson, Suzanne
99999 53 Akerson, Mary
99999 61 Andrews, John

delete after commit:
10010 40 Akin, Monica
10020 21 Alexander, Joe
10030 23 Akerson, Gwyn
10070 22 Andrews, Kay
