insert after abort:

insert after commit:
10000 60 Akers, Mark
10010 40 Akin, Monica
10020 21 Alexander, Joe
10030 23 Akerson, Gwyn
10040 53 Akerson, Mary
10050 42 Akerson, Suzanne
10060 61 Andrews, John
10070 22 Andrews, Kay

update after abort:
10000 60 Akers, Mark
10010 40 Akin, Monica
10020 21 Alexander, Joe
10030 23 Akerson, Gwyn
10040 53 Akerson, Mary
10050 42 Akerson, Suzanne
10060 61 Andrews, John
10070 22 Andrews, Kay

update after commit:
10000 60 Updated
10010 40 Akin, Monica
10020 21 Alexander, Joe
10030 23 Akerson, Gwyn
10040 53 Updated
10050 42 Updated
10060 61 Updated
10070 22 Andrews, Kay

delete after abort:
10000 60 Updated
10010 40 Akin, Monica
10020 21 Alexander, Joe
10030 23 Akerson, Gwyn
10040 53 Updated
10050 42 Updated
10060 61 Updated
10070 22 Andrews, Kay

delete after commit:
10010 40 Akin, Monica
10020 21 Alexander, Joe
10030 23 Akerson, Gwyn
10070 22 Andrews, Kay
